[2025-10-24 23:07:58] === 🔍 START EXTENDED SECURITY AUDIT ===
/var/www/html/app/tests/test_security_extended.php:# Audyt rozszerzony: XSS, SQLi, hasła, brak bindParam, echo $_POST, itp.
/var/www/html/app/tests/test_security_extended.php:# 1️⃣ XSS — echo $_POST / echo $_GET
/var/www/html/app/logs/diagnostics/cms_security_extended_20251024_224846.log:/var/www/html/app/tests/test_security_extended.php:# Audyt rozszerzony: XSS, SQLi, hasła, brak bindParam, echo $_POST, itp.
/var/www/html/app/logs/diagnostics/cms_security_extended_20251024_224846.log:/var/www/html/app/tests/test_security_extended.php:# 1️⃣ XSS — echo $_POST / echo $_GET
/var/www/html/app/logs/diagnostics/cms_security_extended_20251024_224846.log:/var/www/html/app/logs/diagnostics/cms_security_extended_20251024_224846.log:/var/www/html/app/tests/test_security_extended.php:# Audyt rozszerzony: XSS, SQLi, hasła, brak bindParam, echo $_POST, itp.
/var/www/html/app/logs/diagnostics/cms_security_extended_20251024_224846.log:/var/www/html/app/logs/diagnostics/cms_security_extended_20251024_224635.log:/var/www/html/app/tests/test_security_extended.php:# Audyt rozszerzony: XSS, SQLi, hasła, brak bindParam, echo $_POST, itp.
/var/www/html/app/logs/diagnostics/cms_security_extended_20251024_224846.log:/var/www/html/app/logs/diagnostics/cms_security_extended_20251024_224635.log:/var/www/html/app/tests/test_security_extended.php:# 1️⃣ XSS — echo $_POST / echo $_GET
/var/www/html/app/logs/diagnostics/cms_security_extended_20251024_224846.log:/var/www/html/app/logs/diagnostics/cms_security_extended_20251024_224635.log:/var/www/html/app/logs/diagnostics/cms_security_extended_20251024_224635.log:/var/www/html/app/tests/test_security_extended.php:# Audyt rozszerzony: XSS, SQLi, hasła, brak bindParam, echo $_POST, itp.
/var/www/html/app/logs/diagnostics/cms_security_extended_20251024_224846.log:/var/www/html/app/logs/diagnostics/cms_security_extended_20251024_224635.log:/var/www/html/app/tests/test_security_extended.php:# 1️⃣ XSS — echo $_POST / echo $_GET
/var/www/html/app/logs/diagnostics/cms_security_extended_20251024_224846.log:/var/www/html/app/logs/diagnostics/cms_security_extended_20251024_224635.log:/var/www/html/app/logs/diagnostics/cms_security_extended_20251024_224635.log:/var/www/html/app/tests/test_security_extended.php:# 1️⃣ XSS — echo $_POST / echo $_GET
/var/www/html/app/logs/diagnostics/cms_security_extended_20251024_224846.log:/var/www/html/app/logs/diagnostics/cms_security_extended_20251024_224635.log:/var/www/html/app/logs/diagnostics/cms_security_extended_20251024_224635.log:/var/www/html/app/tests/test_security_extended.php:# 1️⃣ XSS — echo $_POST / echo $_GET
/var/www/html/app/logs/diagnostics/cms_security_extended_20251024_224846.log:/var/www/html/app/tests/test_security_extended.php:# 1️⃣ XSS — echo $_POST / echo $_GET
/var/www/html/app/logs/diagnostics/cms_security_extended_20251024_224846.log:/var/www/html/app/logs/diagnostics/cms_security_extended_20251024_224846.log:/var/www/html/app/tests/test_security_extended.php:# 1️⃣ XSS — echo $_POST / echo $_GET
/var/www/html/app/logs/diagnostics/cms_security_extended_20251024_224846.log:/var/www/html/app/logs/diagnostics/cms_security_extended_20251024_224846.log:/var/www/html/app/logs/diagnostics/cms_security_extended_20251024_224635.log:/var/www/html/app/tests/test_security_extended.php:# 1️⃣ XSS — echo $_POST / echo $_GET
/var/www/html/app/logs/diagnostics/cms_security_extended_20251024_224846.log:/var/www/html/app/logs/diagnostics/cms_security_extended_20251024_224846.log:/var/www/html/app/logs/diagnostics/cms_security_extended_20251024_224635.log:/var/www/html/app/tests/test_security_extended.php:# 1️⃣ XSS — echo $_POST / echo $_GET
/var/www/html/app/logs/diagnostics/cms_security_extended_20251024_224846.log:/var/www/html/app/logs/diagnostics/cms_security_extended_20251024_224846.log:/var/www/html/app/logs/diagnostics/cms_security_extended_20251024_224635.log:/var/www/html/app/logs/diagnostics/cms_security_extended_20251024_224635.log:/var/www/html/app/tests/test_security_extended.php:# 1️⃣ XSS — echo $_POST / echo $_GET
/var/www/html/app/logs/diagnostics/cms_security_extended_20251024_224846.log:/var/www/html/app/logs/diagnostics/cms_security_extended_20251024_224846.log:/var/www/html/app/logs/diagnostics/cms_security_extended_20251024_224635.log:/var/www/html/app/logs/diagnostics/cms_security_extended_20251024_224635.log:/var/www/html/app/tests/test_security_extended.php:# 1️⃣ XSS — echo $_POST / echo $_GET
/var/www/html/app/logs/diagnostics/cms_security_extended_20251024_224846.log:/var/www/html/app/logs/diagnostics/cms_security_extended_20251024_224846.log:/var/www/html/app/tests/test_security_extended.php:# 1️⃣ XSS — echo $_POST / echo $_GET
/var/www/html/app/logs/diagnostics/cms_security_extended_20251024_224846.log:/var/www/html/app/logs/diagnostics/cms_security_extended_20251024_224635.log:/var/www/html/app/tests/test_security_extended.php:# 1️⃣ XSS — echo $_POST / echo $_GET
/var/www/html/app/logs/diagnostics/cms_security_extended_20251024_224846.log:/var/www/html/app/logs/diagnostics/cms_security_extended_20251024_224635.log:/var/www/html/app/tests/test_security_extended.php:# 1️⃣ XSS — echo $_POST / echo $_GET
/var/www/html/app/logs/diagnostics/cms_security_extended_20251024_224846.log:/var/www/html/app/logs/diagnostics/cms_security_extended_20251024_224635.log:/var/www/html/app/logs/diagnostics/cms_security_extended_20251024_224635.log:/var/www/html/app/tests/test_security_extended.php:# 1️⃣ XSS — echo $_POST / echo $_GET
/var/www/html/app/logs/diagnostics/cms_security_extended_20251024_224846.log:/var/www/html/app/logs/diagnostics/cms_security_extended_20251024_224635.log:/var/www/html/app/logs/diagnostics/cms_security_extended_20251024_224635.log:/var/www/html/app/tests/test_security_extended.php:# 1️⃣ XSS — echo $_POST / echo $_GET
/var/www/html/app/logs/diagnostics/cms_security_extended_20251024_224635.log:/var/www/html/app/tests/test_security_extended.php:# Audyt rozszerzony: XSS, SQLi, hasła, brak bindParam, echo $_POST, itp.
/var/www/html/app/logs/diagnostics/cms_security_extended_20251024_224635.log:/var/www/html/app/tests/test_security_extended.php:# 1️⃣ XSS — echo $_POST / echo $_GET
/var/www/html/app/logs/diagnostics/cms_security_extended_20251024_224635.log:/var/www/html/app/logs/diagnostics/cms_security_extended_20251024_224635.log:/var/www/html/app/tests/test_security_extended.php:# Audyt rozszerzony: XSS, SQLi, hasła, brak bindParam, echo $_POST, itp.
/var/www/html/app/logs/diagnostics/cms_security_extended_20251024_224635.log